<?xml version="1.0" encoding="UTF-8"?>
<testsuite name="Autenticacion en la pagina de Facebook" tests="1" skipped="0" failures="0" errors="0" timestamp="2025-10-25T00:53:36" hostname="PC-EDWIN1538" time="6.621">
  <properties/>
  <testcase name="Verificar la autenticacion exitosa en la página de Facebok." classname="Autenticacion en la pagina de Facebook" time="6.621"/>
  <system-out><![CDATA[]]></system-out>
  <system-err><![CDATA[oct. 24, 2025 7:53:37 P.M. org.openqa.selenium.remote.DesiredCapabilities chrome
INFO: Using `new ChromeOptions()` is preferred to `DesiredCapabilities.chrome()`
[Test worker] INFO net.serenitybdd.core.webdriver.driverproviders.ProvideNewDriver - Instantiating driver
[Test worker] INFO net.serenitybdd.core.webdriver.driverproviders.ProvideNewDriver - Driver capabilities: Capabilities {acceptInsecureCerts: false, browserName: chrome, goog:chromeOptions: {args: [], extensions: [], prefs: {behavior: allow}}, loggingPrefs: org.openqa.selenium.logging..., name: proyecto, platform: ANY, unhandledPromptBehavior: ignore, version: }
Starting ChromeDriver 141.0.7390.122 (b477534e7e10d193e916cd4e2967c589383625b2-refs/branch-heads/7390@{#2667}) on port 39433
Only local connections are allowed.
Please see https://chromedriver.chromium.org/security-considerations for suggestions on keeping ChromeDriver safe.
ChromeDriver was started successfully on port 39433.
oct. 24, 2025 7:53:39 P.M. org.openqa.selenium.remote.ProtocolHandshake createSession
INFO: Detected dialect: W3C
[Test worker] INFO co.com.AutoFacebook.questions.ValidacionLogin - Texto encontrado en MENSAE LOGIN: Logged In Successfully
[Test worker] INFO net.thucydides.core.steps.ConsoleLoggingListener - 
        __    _____ _____ ____ _____   ____   _    ____  ____  _____ ____  
  _     \ \  |_   _| ____/ ___|_   _| |  _ \ / \  / ___|/ ___|| ____|  _ \ 
 (_)_____| |   | | |  _| \___ \ | |   | |_) / _ \ \___ \\___ \|  _| | | | |
  _|_____| |   | | | |___ ___) || |   |  __/ ___ \ ___) |___) | |___| |_| |
 (_)     | |   |_| |_____|____/ |_|   |_| /_/   \_\____/|____/|_____|____/ 
        /_/                                                                

TEST PASSED: Verificar la autenticacion exitosa en la página de Facebok.
----------------------------------------------------------------------------
]]></system-err>
</testsuite>
